<?xml version="1.0" encoding="UTF-8"?>
<testsuite xmlns:xsi="http://www.w3.org/2001/XMLSchema-instance" xsi:noNamespaceSchemaLocation="https://maven.apache.org/surefire/maven-surefire-plugin/xsd/surefire-test-report.xsd" name="capgemini.stage.Capgemini2ApplicationTests" time="21.754" tests="9" errors="4" skipped="0" failures="2">
  <properties>
    <property name="gopherProxySet" value="false"/>
    <property name="awt.toolkit" value="sun.lwawt.macosx.LWCToolkit"/>
    <property name="java.specification.version" value="11"/>
    <property name="sun.cpu.isalist" value=""/>
    <property name="sun.jnu.encoding" value="UTF-8"/>
    <property name="java.class.path" value="/Users/serpilcos/Desktop/back-gael/target/test-classes:/Users/serpilcos/Desktop/back-gael/target/classes:/Users/serpilcos/.m2/repository/org/springframework/boot/spring-boot-starter-data-jpa/2.1.2.RELEASE/spring-boot-starter-data-jpa-2.1.2.RELEASE.jar:/Users/serpilcos/.m2/repository/org/springframework/boot/spring-boot-starter-aop/2.1.2.RELEASE/spring-boot-starter-aop-2.1.2.RELEASE.jar:/Users/serpilcos/.m2/repository/org/aspectj/aspectjweaver/1.9.2/aspectjweaver-1.9.2.jar:/Users/serpilcos/.m2/repository/org/springframework/boot/spring-boot-starter-jdbc/2.1.2.RELEASE/spring-boot-starter-jdbc-2.1.2.RELEASE.jar:/Users/serpilcos/.m2/repository/com/zaxxer/HikariCP/3.2.0/HikariCP-3.2.0.jar:/Users/serpilcos/.m2/repository/org/springframework/spring-jdbc/5.1.4.RELEASE/spring-jdbc-5.1.4.RELEASE.jar:/Users/serpilcos/.m2/repository/javax/transaction/javax.transaction-api/1.3/javax.transaction-api-1.3.jar:/Users/serpilcos/.m2/repository/javax/xml/bind/jaxb-api/2.3.1/jaxb-api-2.3.1.jar:/Users/serpilcos/.m2/repository/javax/activation/javax.activation-api/1.2.0/javax.activation-api-1.2.0.jar:/Users/serpilcos/.m2/repository/org/hibernate/hibernate-core/5.3.7.Final/hibernate-core-5.3.7.Final.jar:/Users/serpilcos/.m2/repository/org/jboss/logging/jboss-logging/3.3.2.Final/jboss-logging-3.3.2.Final.jar:/Users/serpilcos/.m2/repository/javax/persistence/javax.persistence-api/2.2/javax.persistence-api-2.2.jar:/Users/serpilcos/.m2/repository/org/javassist/javassist/3.23.1-GA/javassist-3.23.1-GA.jar:/Users/serpilcos/.m2/repository/net/bytebuddy/byte-buddy/1.9.7/byte-buddy-1.9.7.jar:/Users/serpilcos/.m2/repository/antlr/antlr/2.7.7/antlr-2.7.7.jar:/Users/serpilcos/.m2/repository/org/jboss/jandex/2.0.5.Final/jandex-2.0.5.Final.jar:/Users/serpilcos/.m2/repository/org/dom4j/dom4j/2.1.1/dom4j-2.1.1.jar:/Users/serpilcos/.m2/repository/org/hibernate/common/hibernate-commons-annotations/5.0.4.Final/hibernate-commons-annotations-5.0.4.Final.jar:/Users/serpilcos/.m2/repository/org/springframework/data/spring-data-jpa/2.1.4.RELEASE/spring-data-jpa-2.1.4.RELEASE.jar:/Users/serpilcos/.m2/repository/org/springframework/data/spring-data-commons/2.1.4.RELEASE/spring-data-commons-2.1.4.RELEASE.jar:/Users/serpilcos/.m2/repository/org/springframework/spring-orm/5.1.4.RELEASE/spring-orm-5.1.4.RELEASE.jar:/Users/serpilcos/.m2/repository/org/springframework/spring-context/5.1.4.RELEASE/spring-context-5.1.4.RELEASE.jar:/Users/serpilcos/.m2/repository/org/springframework/spring-tx/5.1.4.RELEASE/spring-tx-5.1.4.RELEASE.jar:/Users/serpilcos/.m2/repository/org/springframework/spring-beans/5.1.4.RELEASE/spring-beans-5.1.4.RELEASE.jar:/Users/serpilcos/.m2/repository/org/springframework/spring-aspects/5.1.4.RELEASE/spring-aspects-5.1.4.RELEASE.jar:/Users/serpilcos/.m2/repository/org/springframework/boot/spring-boot-starter-security/2.1.2.RELEASE/spring-boot-starter-security-2.1.2.RELEASE.jar:/Users/serpilcos/.m2/repository/org/springframework/boot/spring-boot-starter/2.1.2.RELEASE/spring-boot-starter-2.1.2.RELEASE.jar:/Users/serpilcos/.m2/repository/org/springframework/boot/spring-boot-starter-logging/2.1.2.RELEASE/spring-boot-starter-logging-2.1.2.RELEASE.jar:/Users/serpilcos/.m2/repository/ch/qos/logback/logback-classic/1.2.3/logback-classic-1.2.3.jar:/Users/serpilcos/.m2/repository/ch/qos/logback/logback-core/1.2.3/logback-core-1.2.3.jar:/Users/serpilcos/.m2/repository/org/apache/logging/log4j/log4j-to-slf4j/2.11.1/log4j-to-slf4j-2.11.1.jar:/Users/serpilcos/.m2/repository/org/apache/logging/log4j/log4j-api/2.11.1/log4j-api-2.11.1.jar:/Users/serpilcos/.m2/repository/org/slf4j/jul-to-slf4j/1.7.25/jul-to-slf4j-1.7.25.jar:/Users/serpilcos/.m2/repository/javax/annotation/javax.annotation-api/1.3.2/javax.annotation-api-1.3.2.jar:/Users/serpilcos/.m2/repository/org/yaml/snakeyaml/1.23/snakeyaml-1.23.jar:/Users/serpilcos/.m2/repository/org/springframework/spring-aop/5.1.4.RELEASE/spring-aop-5.1.4.RELEASE.jar:/Users/serpilcos/.m2/repository/org/springframework/security/spring-security-config/5.1.3.RELEASE/spring-security-config-5.1.3.RELEASE.jar:/Users/serpilcos/.m2/repository/org/springframework/security/spring-security-web/5.1.3.RELEASE/spring-security-web-5.1.3.RELEASE.jar:/Users/serpilcos/.m2/repository/org/springframework/spring-expression/5.1.4.RELEASE/spring-expression-5.1.4.RELEASE.jar:/Users/serpilcos/.m2/repository/org/springframework/boot/spring-boot-starter-web/2.1.2.RELEASE/spring-boot-starter-web-2.1.2.RELEASE.jar:/Users/serpilcos/.m2/repository/org/springframework/boot/spring-boot-starter-json/2.1.2.RELEASE/spring-boot-starter-json-2.1.2.RELEASE.jar:/Users/serpilcos/.m2/repository/com/fasterxml/jackson/datatype/jackson-datatype-jdk8/2.9.8/jackson-datatype-jdk8-2.9.8.jar:/Users/serpilcos/.m2/repository/com/fasterxml/jackson/datatype/jackson-datatype-jsr310/2.9.8/jackson-datatype-jsr310-2.9.8.jar:/Users/serpilcos/.m2/repository/com/fasterxml/jackson/module/jackson-module-parameter-names/2.9.8/jackson-module-parameter-names-2.9.8.jar:/Users/serpilcos/.m2/repository/org/springframework/boot/spring-boot-starter-tomcat/2.1.2.RELEASE/spring-boot-starter-tomcat-2.1.2.RELEASE.jar:/Users/serpilcos/.m2/repository/org/apache/tomcat/embed/tomcat-embed-core/9.0.14/tomcat-embed-core-9.0.14.jar:/Users/serpilcos/.m2/repository/org/apache/tomcat/embed/tomcat-embed-el/9.0.14/tomcat-embed-el-9.0.14.jar:/Users/serpilcos/.m2/repository/org/apache/tomcat/embed/tomcat-embed-websocket/9.0.14/tomcat-embed-websocket-9.0.14.jar:/Users/serpilcos/.m2/repository/org/hibernate/validator/hibernate-validator/6.0.14.Final/hibernate-validator-6.0.14.Final.jar:/Users/serpilcos/.m2/repository/javax/validation/validation-api/2.0.1.Final/validation-api-2.0.1.Final.jar:/Users/serpilcos/.m2/repository/org/springframework/spring-web/5.1.4.RELEASE/spring-web-5.1.4.RELEASE.jar:/Users/serpilcos/.m2/repository/org/springframework/spring-webmvc/5.1.4.RELEASE/spring-webmvc-5.1.4.RELEASE.jar:/Users/serpilcos/.m2/repository/org/springframework/boot/spring-boot-devtools/2.1.2.RELEASE/spring-boot-devtools-2.1.2.RELEASE.jar:/Users/serpilcos/.m2/repository/org/springframework/boot/spring-boot/2.1.2.RELEASE/spring-boot-2.1.2.RELEASE.jar:/Users/serpilcos/.m2/repository/org/springframework/boot/spring-boot-autoconfigure/2.1.2.RELEASE/spring-boot-autoconfigure-2.1.2.RELEASE.jar:/Users/serpilcos/.m2/repository/mysql/mysql-connector-java/8.0.13/mysql-connector-java-8.0.13.jar:/Users/serpilcos/.m2/repository/org/projectlombok/lombok/1.18.4/lombok-1.18.4.jar:/Users/serpilcos/.m2/repository/org/springframework/boot/spring-boot-starter-test/2.1.2.RELEASE/spring-boot-starter-test-2.1.2.RELEASE.jar:/Users/serpilcos/.m2/repository/org/springframework/boot/spring-boot-test/2.1.2.RELEASE/spring-boot-test-2.1.2.RELEASE.jar:/Users/serpilcos/.m2/repository/org/springframework/boot/spring-boot-test-autoconfigure/2.1.2.RELEASE/spring-boot-test-autoconfigure-2.1.2.RELEASE.jar:/Users/serpilcos/.m2/repository/com/jayway/jsonpath/json-path/2.4.0/json-path-2.4.0.jar:/Users/serpilcos/.m2/repository/net/minidev/json-smart/2.3/json-smart-2.3.jar:/Users/serpilcos/.m2/repository/net/minidev/accessors-smart/1.2/accessors-smart-1.2.jar:/Users/serpilcos/.m2/repository/org/ow2/asm/asm/5.0.4/asm-5.0.4.jar:/Users/serpilcos/.m2/repository/junit/junit/4.12/junit-4.12.jar:/Users/serpilcos/.m2/repository/org/assertj/assertj-core/3.11.1/assertj-core-3.11.1.jar:/Users/serpilcos/.m2/repository/org/mockito/mockito-core/2.23.4/mockito-core-2.23.4.jar:/Users/serpilcos/.m2/repository/net/bytebuddy/byte-buddy-agent/1.9.7/byte-buddy-agent-1.9.7.jar:/Users/serpilcos/.m2/repository/org/objenesis/objenesis/2.6/objenesis-2.6.jar:/Users/serpilcos/.m2/repository/org/hamcrest/hamcrest-core/1.3/hamcrest-core-1.3.jar:/Users/serpilcos/.m2/repository/org/hamcrest/hamcrest-library/1.3/hamcrest-library-1.3.jar:/Users/serpilcos/.m2/repository/org/skyscreamer/jsonassert/1.5.0/jsonassert-1.5.0.jar:/Users/serpilcos/.m2/repository/com/vaadin/external/google/android-json/0.0.20131108.vaadin1/android-json-0.0.20131108.vaadin1.jar:/Users/serpilcos/.m2/repository/org/springframework/spring-core/5.1.4.RELEASE/spring-core-5.1.4.RELEASE.jar:/Users/serpilcos/.m2/repository/org/springframework/spring-jcl/5.1.4.RELEASE/spring-jcl-5.1.4.RELEASE.jar:/Users/serpilcos/.m2/repository/org/springframework/spring-test/5.1.4.RELEASE/spring-test-5.1.4.RELEASE.jar:/Users/serpilcos/.m2/repository/org/xmlunit/xmlunit-core/2.6.2/xmlunit-core-2.6.2.jar:/Users/serpilcos/.m2/repository/org/springframework/security/spring-security-test/5.1.3.RELEASE/spring-security-test-5.1.3.RELEASE.jar:/Users/serpilcos/.m2/repository/org/springframework/security/spring-security-core/5.1.3.RELEASE/spring-security-core-5.1.3.RELEASE.jar:/Users/serpilcos/.m2/repository/io/jsonwebtoken/jjwt/0.9.1/jjwt-0.9.1.jar:/Users/serpilcos/.m2/repository/com/fasterxml/jackson/core/jackson-databind/2.9.8/jackson-databind-2.9.8.jar:/Users/serpilcos/.m2/repository/com/fasterxml/jackson/core/jackson-annotations/2.9.0/jackson-annotations-2.9.0.jar:/Users/serpilcos/.m2/repository/com/fasterxml/jackson/core/jackson-core/2.9.8/jackson-core-2.9.8.jar:/Users/serpilcos/.m2/repository/io/springfox/springfox-swagger2/2.9.2/springfox-swagger2-2.9.2.jar:/Users/serpilcos/.m2/repository/io/swagger/swagger-annotations/1.5.20/swagger-annotations-1.5.20.jar:/Users/serpilcos/.m2/repository/io/swagger/swagger-models/1.5.20/swagger-models-1.5.20.jar:/Users/serpilcos/.m2/repository/io/springfox/springfox-spi/2.9.2/springfox-spi-2.9.2.jar:/Users/serpilcos/.m2/repository/io/springfox/springfox-core/2.9.2/springfox-core-2.9.2.jar:/Users/serpilcos/.m2/repository/io/springfox/springfox-schema/2.9.2/springfox-schema-2.9.2.jar:/Users/serpilcos/.m2/repository/io/springfox/springfox-swagger-common/2.9.2/springfox-swagger-common-2.9.2.jar:/Users/serpilcos/.m2/repository/io/springfox/springfox-spring-web/2.9.2/springfox-spring-web-2.9.2.jar:/Users/serpilcos/.m2/repository/com/google/guava/guava/20.0/guava-20.0.jar:/Users/serpilcos/.m2/repository/com/fasterxml/classmate/1.4.0/classmate-1.4.0.jar:/Users/serpilcos/.m2/repository/org/slf4j/slf4j-api/1.7.25/slf4j-api-1.7.25.jar:/Users/serpilcos/.m2/repository/org/springframework/plugin/spring-plugin-core/1.2.0.RELEASE/spring-plugin-core-1.2.0.RELEASE.jar:/Users/serpilcos/.m2/repository/org/springframework/plugin/spring-plugin-metadata/1.2.0.RELEASE/spring-plugin-metadata-1.2.0.RELEASE.jar:/Users/serpilcos/.m2/repository/org/mapstruct/mapstruct/1.2.0.Final/mapstruct-1.2.0.Final.jar:/Users/serpilcos/.m2/repository/io/springfox/springfox-swagger-ui/2.9.2/springfox-swagger-ui-2.9.2.jar:"/>
    <property name="java.vm.vendor" value="Oracle Corporation"/>
    <property name="sun.arch.data.model" value="64"/>
    <property name="java.vendor.url" value="http://java.oracle.com/"/>
    <property name="user.timezone" value=""/>
    <property name="java.vm.specification.version" value="11"/>
    <property name="os.name" value="Mac OS X"/>
    <property name="sun.java.launcher" value="SUN_STANDARD"/>
    <property name="user.country" value="FR"/>
    <property name="sun.boot.library.path" value="/Library/Java/JavaVirtualMachines/jdk-11.0.1.jdk/Contents/Home/lib"/>
    <property name="sun.java.command" value="/Users/serpilcos/Desktop/back-gael/target/surefire/surefirebooter12203241494150059855.jar /Users/serpilcos/Desktop/back-gael/target/surefire 2019-03-04T19-14-23_417-jvmRun1 surefire2579505891853798953tmp surefire_05019627897891639877tmp"/>
    <property name="http.nonProxyHosts" value="local|*.local|169.254/16|*.169.254/16"/>
    <property name="jdk.debug" value="release"/>
    <property name="surefire.test.class.path" value="/Users/serpilcos/Desktop/back-gael/target/test-classes:/Users/serpilcos/Desktop/back-gael/target/classes:/Users/serpilcos/.m2/repository/org/springframework/boot/spring-boot-starter-data-jpa/2.1.2.RELEASE/spring-boot-starter-data-jpa-2.1.2.RELEASE.jar:/Users/serpilcos/.m2/repository/org/springframework/boot/spring-boot-starter-aop/2.1.2.RELEASE/spring-boot-starter-aop-2.1.2.RELEASE.jar:/Users/serpilcos/.m2/repository/org/aspectj/aspectjweaver/1.9.2/aspectjweaver-1.9.2.jar:/Users/serpilcos/.m2/repository/org/springframework/boot/spring-boot-starter-jdbc/2.1.2.RELEASE/spring-boot-starter-jdbc-2.1.2.RELEASE.jar:/Users/serpilcos/.m2/repository/com/zaxxer/HikariCP/3.2.0/HikariCP-3.2.0.jar:/Users/serpilcos/.m2/repository/org/springframework/spring-jdbc/5.1.4.RELEASE/spring-jdbc-5.1.4.RELEASE.jar:/Users/serpilcos/.m2/repository/javax/transaction/javax.transaction-api/1.3/javax.transaction-api-1.3.jar:/Users/serpilcos/.m2/repository/javax/xml/bind/jaxb-api/2.3.1/jaxb-api-2.3.1.jar:/Users/serpilcos/.m2/repository/javax/activation/javax.activation-api/1.2.0/javax.activation-api-1.2.0.jar:/Users/serpilcos/.m2/repository/org/hibernate/hibernate-core/5.3.7.Final/hibernate-core-5.3.7.Final.jar:/Users/serpilcos/.m2/repository/org/jboss/logging/jboss-logging/3.3.2.Final/jboss-logging-3.3.2.Final.jar:/Users/serpilcos/.m2/repository/javax/persistence/javax.persistence-api/2.2/javax.persistence-api-2.2.jar:/Users/serpilcos/.m2/repository/org/javassist/javassist/3.23.1-GA/javassist-3.23.1-GA.jar:/Users/serpilcos/.m2/repository/net/bytebuddy/byte-buddy/1.9.7/byte-buddy-1.9.7.jar:/Users/serpilcos/.m2/repository/antlr/antlr/2.7.7/antlr-2.7.7.jar:/Users/serpilcos/.m2/repository/org/jboss/jandex/2.0.5.Final/jandex-2.0.5.Final.jar:/Users/serpilcos/.m2/repository/org/dom4j/dom4j/2.1.1/dom4j-2.1.1.jar:/Users/serpilcos/.m2/repository/org/hibernate/common/hibernate-commons-annotations/5.0.4.Final/hibernate-commons-annotations-5.0.4.Final.jar:/Users/serpilcos/.m2/repository/org/springframework/data/spring-data-jpa/2.1.4.RELEASE/spring-data-jpa-2.1.4.RELEASE.jar:/Users/serpilcos/.m2/repository/org/springframework/data/spring-data-commons/2.1.4.RELEASE/spring-data-commons-2.1.4.RELEASE.jar:/Users/serpilcos/.m2/repository/org/springframework/spring-orm/5.1.4.RELEASE/spring-orm-5.1.4.RELEASE.jar:/Users/serpilcos/.m2/repository/org/springframework/spring-context/5.1.4.RELEASE/spring-context-5.1.4.RELEASE.jar:/Users/serpilcos/.m2/repository/org/springframework/spring-tx/5.1.4.RELEASE/spring-tx-5.1.4.RELEASE.jar:/Users/serpilcos/.m2/repository/org/springframework/spring-beans/5.1.4.RELEASE/spring-beans-5.1.4.RELEASE.jar:/Users/serpilcos/.m2/repository/org/springframework/spring-aspects/5.1.4.RELEASE/spring-aspects-5.1.4.RELEASE.jar:/Users/serpilcos/.m2/repository/org/springframework/boot/spring-boot-starter-security/2.1.2.RELEASE/spring-boot-starter-security-2.1.2.RELEASE.jar:/Users/serpilcos/.m2/repository/org/springframework/boot/spring-boot-starter/2.1.2.RELEASE/spring-boot-starter-2.1.2.RELEASE.jar:/Users/serpilcos/.m2/repository/org/springframework/boot/spring-boot-starter-logging/2.1.2.RELEASE/spring-boot-starter-logging-2.1.2.RELEASE.jar:/Users/serpilcos/.m2/repository/ch/qos/logback/logback-classic/1.2.3/logback-classic-1.2.3.jar:/Users/serpilcos/.m2/repository/ch/qos/logback/logback-core/1.2.3/logback-core-1.2.3.jar:/Users/serpilcos/.m2/repository/org/apache/logging/log4j/log4j-to-slf4j/2.11.1/log4j-to-slf4j-2.11.1.jar:/Users/serpilcos/.m2/repository/org/apache/logging/log4j/log4j-api/2.11.1/log4j-api-2.11.1.jar:/Users/serpilcos/.m2/repository/org/slf4j/jul-to-slf4j/1.7.25/jul-to-slf4j-1.7.25.jar:/Users/serpilcos/.m2/repository/javax/annotation/javax.annotation-api/1.3.2/javax.annotation-api-1.3.2.jar:/Users/serpilcos/.m2/repository/org/yaml/snakeyaml/1.23/snakeyaml-1.23.jar:/Users/serpilcos/.m2/repository/org/springframework/spring-aop/5.1.4.RELEASE/spring-aop-5.1.4.RELEASE.jar:/Users/serpilcos/.m2/repository/org/springframework/security/spring-security-config/5.1.3.RELEASE/spring-security-config-5.1.3.RELEASE.jar:/Users/serpilcos/.m2/repository/org/springframework/security/spring-security-web/5.1.3.RELEASE/spring-security-web-5.1.3.RELEASE.jar:/Users/serpilcos/.m2/repository/org/springframework/spring-expression/5.1.4.RELEASE/spring-expression-5.1.4.RELEASE.jar:/Users/serpilcos/.m2/repository/org/springframework/boot/spring-boot-starter-web/2.1.2.RELEASE/spring-boot-starter-web-2.1.2.RELEASE.jar:/Users/serpilcos/.m2/repository/org/springframework/boot/spring-boot-starter-json/2.1.2.RELEASE/spring-boot-starter-json-2.1.2.RELEASE.jar:/Users/serpilcos/.m2/repository/com/fasterxml/jackson/datatype/jackson-datatype-jdk8/2.9.8/jackson-datatype-jdk8-2.9.8.jar:/Users/serpilcos/.m2/repository/com/fasterxml/jackson/datatype/jackson-datatype-jsr310/2.9.8/jackson-datatype-jsr310-2.9.8.jar:/Users/serpilcos/.m2/repository/com/fasterxml/jackson/module/jackson-module-parameter-names/2.9.8/jackson-module-parameter-names-2.9.8.jar:/Users/serpilcos/.m2/repository/org/springframework/boot/spring-boot-starter-tomcat/2.1.2.RELEASE/spring-boot-starter-tomcat-2.1.2.RELEASE.jar:/Users/serpilcos/.m2/repository/org/apache/tomcat/embed/tomcat-embed-core/9.0.14/tomcat-embed-core-9.0.14.jar:/Users/serpilcos/.m2/repository/org/apache/tomcat/embed/tomcat-embed-el/9.0.14/tomcat-embed-el-9.0.14.jar:/Users/serpilcos/.m2/repository/org/apache/tomcat/embed/tomcat-embed-websocket/9.0.14/tomcat-embed-websocket-9.0.14.jar:/Users/serpilcos/.m2/repository/org/hibernate/validator/hibernate-validator/6.0.14.Final/hibernate-validator-6.0.14.Final.jar:/Users/serpilcos/.m2/repository/javax/validation/validation-api/2.0.1.Final/validation-api-2.0.1.Final.jar:/Users/serpilcos/.m2/repository/org/springframework/spring-web/5.1.4.RELEASE/spring-web-5.1.4.RELEASE.jar:/Users/serpilcos/.m2/repository/org/springframework/spring-webmvc/5.1.4.RELEASE/spring-webmvc-5.1.4.RELEASE.jar:/Users/serpilcos/.m2/repository/org/springframework/boot/spring-boot-devtools/2.1.2.RELEASE/spring-boot-devtools-2.1.2.RELEASE.jar:/Users/serpilcos/.m2/repository/org/springframework/boot/spring-boot/2.1.2.RELEASE/spring-boot-2.1.2.RELEASE.jar:/Users/serpilcos/.m2/repository/org/springframework/boot/spring-boot-autoconfigure/2.1.2.RELEASE/spring-boot-autoconfigure-2.1.2.RELEASE.jar:/Users/serpilcos/.m2/repository/mysql/mysql-connector-java/8.0.13/mysql-connector-java-8.0.13.jar:/Users/serpilcos/.m2/repository/org/projectlombok/lombok/1.18.4/lombok-1.18.4.jar:/Users/serpilcos/.m2/repository/org/springframework/boot/spring-boot-starter-test/2.1.2.RELEASE/spring-boot-starter-test-2.1.2.RELEASE.jar:/Users/serpilcos/.m2/repository/org/springframework/boot/spring-boot-test/2.1.2.RELEASE/spring-boot-test-2.1.2.RELEASE.jar:/Users/serpilcos/.m2/repository/org/springframework/boot/spring-boot-test-autoconfigure/2.1.2.RELEASE/spring-boot-test-autoconfigure-2.1.2.RELEASE.jar:/Users/serpilcos/.m2/repository/com/jayway/jsonpath/json-path/2.4.0/json-path-2.4.0.jar:/Users/serpilcos/.m2/repository/net/minidev/json-smart/2.3/json-smart-2.3.jar:/Users/serpilcos/.m2/repository/net/minidev/accessors-smart/1.2/accessors-smart-1.2.jar:/Users/serpilcos/.m2/repository/org/ow2/asm/asm/5.0.4/asm-5.0.4.jar:/Users/serpilcos/.m2/repository/junit/junit/4.12/junit-4.12.jar:/Users/serpilcos/.m2/repository/org/assertj/assertj-core/3.11.1/assertj-core-3.11.1.jar:/Users/serpilcos/.m2/repository/org/mockito/mockito-core/2.23.4/mockito-core-2.23.4.jar:/Users/serpilcos/.m2/repository/net/bytebuddy/byte-buddy-agent/1.9.7/byte-buddy-agent-1.9.7.jar:/Users/serpilcos/.m2/repository/org/objenesis/objenesis/2.6/objenesis-2.6.jar:/Users/serpilcos/.m2/repository/org/hamcrest/hamcrest-core/1.3/hamcrest-core-1.3.jar:/Users/serpilcos/.m2/repository/org/hamcrest/hamcrest-library/1.3/hamcrest-library-1.3.jar:/Users/serpilcos/.m2/repository/org/skyscreamer/jsonassert/1.5.0/jsonassert-1.5.0.jar:/Users/serpilcos/.m2/repository/com/vaadin/external/google/android-json/0.0.20131108.vaadin1/android-json-0.0.20131108.vaadin1.jar:/Users/serpilcos/.m2/repository/org/springframework/spring-core/5.1.4.RELEASE/spring-core-5.1.4.RELEASE.jar:/Users/serpilcos/.m2/repository/org/springframework/spring-jcl/5.1.4.RELEASE/spring-jcl-5.1.4.RELEASE.jar:/Users/serpilcos/.m2/repository/org/springframework/spring-test/5.1.4.RELEASE/spring-test-5.1.4.RELEASE.jar:/Users/serpilcos/.m2/repository/org/xmlunit/xmlunit-core/2.6.2/xmlunit-core-2.6.2.jar:/Users/serpilcos/.m2/repository/org/springframework/security/spring-security-test/5.1.3.RELEASE/spring-security-test-5.1.3.RELEASE.jar:/Users/serpilcos/.m2/repository/org/springframework/security/spring-security-core/5.1.3.RELEASE/spring-security-core-5.1.3.RELEASE.jar:/Users/serpilcos/.m2/repository/io/jsonwebtoken/jjwt/0.9.1/jjwt-0.9.1.jar:/Users/serpilcos/.m2/repository/com/fasterxml/jackson/core/jackson-databind/2.9.8/jackson-databind-2.9.8.jar:/Users/serpilcos/.m2/repository/com/fasterxml/jackson/core/jackson-annotations/2.9.0/jackson-annotations-2.9.0.jar:/Users/serpilcos/.m2/repository/com/fasterxml/jackson/core/jackson-core/2.9.8/jackson-core-2.9.8.jar:/Users/serpilcos/.m2/repository/io/springfox/springfox-swagger2/2.9.2/springfox-swagger2-2.9.2.jar:/Users/serpilcos/.m2/repository/io/swagger/swagger-annotations/1.5.20/swagger-annotations-1.5.20.jar:/Users/serpilcos/.m2/repository/io/swagger/swagger-models/1.5.20/swagger-models-1.5.20.jar:/Users/serpilcos/.m2/repository/io/springfox/springfox-spi/2.9.2/springfox-spi-2.9.2.jar:/Users/serpilcos/.m2/repository/io/springfox/springfox-core/2.9.2/springfox-core-2.9.2.jar:/Users/serpilcos/.m2/repository/io/springfox/springfox-schema/2.9.2/springfox-schema-2.9.2.jar:/Users/serpilcos/.m2/repository/io/springfox/springfox-swagger-common/2.9.2/springfox-swagger-common-2.9.2.jar:/Users/serpilcos/.m2/repository/io/springfox/springfox-spring-web/2.9.2/springfox-spring-web-2.9.2.jar:/Users/serpilcos/.m2/repository/com/google/guava/guava/20.0/guava-20.0.jar:/Users/serpilcos/.m2/repository/com/fasterxml/classmate/1.4.0/classmate-1.4.0.jar:/Users/serpilcos/.m2/repository/org/slf4j/slf4j-api/1.7.25/slf4j-api-1.7.25.jar:/Users/serpilcos/.m2/repository/org/springframework/plugin/spring-plugin-core/1.2.0.RELEASE/spring-plugin-core-1.2.0.RELEASE.jar:/Users/serpilcos/.m2/repository/org/springframework/plugin/spring-plugin-metadata/1.2.0.RELEASE/spring-plugin-metadata-1.2.0.RELEASE.jar:/Users/serpilcos/.m2/repository/org/mapstruct/mapstruct/1.2.0.Final/mapstruct-1.2.0.Final.jar:/Users/serpilcos/.m2/repository/io/springfox/springfox-swagger-ui/2.9.2/springfox-swagger-ui-2.9.2.jar:"/>
    <property name="sun.cpu.endian" value="little"/>
    <property name="user.home" value="/Users/serpilcos"/>
    <property name="user.language" value="fr"/>
    <property name="java.specification.vendor" value="Oracle Corporation"/>
    <property name="java.version.date" value="2018-10-16"/>
    <property name="java.home" value="/Library/Java/JavaVirtualMachines/jdk-11.0.1.jdk/Contents/Home"/>
    <property name="file.separator" value="/"/>
    <property name="basedir" value="/Users/serpilcos/Desktop/back-gael"/>
    <property name="java.vm.compressedOopsMode" value="Zero based"/>
    <property name="line.separator" value="&#10;"/>
    <property name="java.specification.name" value="Java Platform API Specification"/>
    <property name="java.vm.specification.vendor" value="Oracle Corporation"/>
    <property name="java.awt.graphicsenv" value="sun.awt.CGraphicsEnvironment"/>
    <property name="surefire.real.class.path" value="/Users/serpilcos/Desktop/back-gael/target/surefire/surefirebooter12203241494150059855.jar"/>
    <property name="sun.management.compiler" value="HotSpot 64-Bit Tiered Compilers"/>
    <property name="ftp.nonProxyHosts" value="local|*.local|169.254/16|*.169.254/16"/>
    <property name="java.runtime.version" value="11.0.1+13-LTS"/>
    <property name="user.name" value="serpilcos"/>
    <property name="path.separator" value=":"/>
    <property name="os.version" value="10.14"/>
    <property name="java.runtime.name" value="Java(TM) SE Runtime Environment"/>
    <property name="file.encoding" value="UTF-8"/>
    <property name="java.vm.name" value="Java HotSpot(TM) 64-Bit Server VM"/>
    <property name="java.vendor.version" value="18.9"/>
    <property name="localRepository" value="/Users/serpilcos/.m2/repository"/>
    <property name="java.vendor.url.bug" value="http://bugreport.java.com/bugreport/"/>
    <property name="java.io.tmpdir" value="/var/folders/0r/zflb5jcd5gl27ltrkl834msh0000gn/T/"/>
    <property name="java.version" value="11.0.1"/>
    <property name="user.dir" value="/Users/serpilcos/Desktop/back-gael"/>
    <property name="os.arch" value="x86_64"/>
    <property name="java.vm.specification.name" value="Java Virtual Machine Specification"/>
    <property name="java.awt.printerjob" value="sun.lwawt.macosx.CPrinterJob"/>
    <property name="sun.os.patch.level" value="unknown"/>
    <property name="java.library.path" value="/Users/serpilcos/Library/Java/Extensions:/Library/Java/Extensions:/Network/Library/Java/Extensions:/System/Library/Java/Extensions:/usr/lib/java:."/>
    <property name="java.vendor" value="Oracle Corporation"/>
    <property name="java.vm.info" value="mixed mode"/>
    <property name="java.vm.version" value="11.0.1+13-LTS"/>
    <property name="sun.io.unicode.encoding" value="UnicodeBig"/>
    <property name="java.class.version" value="55.0"/>
    <property name="socksNonProxyHosts" value="local|*.local|169.254/16|*.169.254/16"/>
  </properties>
  <testcase name="findbylastname" classname="capgemini.stage.Capgemini2ApplicationTests" time="0.431"/>
  <testcase name="contextLoadsCharity" classname="capgemini.stage.Capgemini2ApplicationTests" time="0.046"/>
  <testcase name="encoder" classname="capgemini.stage.Capgemini2ApplicationTests" time="0.243">
    <error message="could not execute statement; SQL [n/a]; constraint [UK_6nit1ynrjkrd1hp1c73d60rn3]; nested exception is org.hibernate.exception.ConstraintViolationException: could not execute statement" type="org.springframework.dao.DataIntegrityViolationException">org.springframework.dao.DataIntegrityViolationException: could not execute statement; SQL [n/a]; constraint [UK_6nit1ynrjkrd1hp1c73d60rn3]; nested exception is org.hibernate.exception.ConstraintViolationException: could not execute statement
	at capgemini.stage.Capgemini2ApplicationTests.encoder(Capgemini2ApplicationTests.java:153)
Caused by: org.hibernate.exception.ConstraintViolationException: could not execute statement
	at capgemini.stage.Capgemini2ApplicationTests.encoder(Capgemini2ApplicationTests.java:153)
Caused by: java.sql.SQLIntegrityConstraintViolationException: Duplicate entry 'ztevoz@ztevoz.com' for key 'UK_6nit1ynrjkrd1hp1c73d60rn3'
	at capgemini.stage.Capgemini2ApplicationTests.encoder(Capgemini2ApplicationTests.java:153)
</error>
    <system-out><![CDATA[Hibernate: 
    select
        city0_.id as id1_1_0_,
        city0_.label as label2_1_0_ 
    from
        city city0_ 
    where
        city0_.id=?
Hibernate: 
    select
        organizati0_.id as id1_4_0_,
        organizati0_.label as label2_4_0_ 
    from
        organization organizati0_ 
    where
        organizati0_.id=?
Hibernate: 
    insert 
    into
        employee
        (actif, creation_date, login, mail, password_hash, city_id, firstname, lastname, organization_id) 
    values
        (?, ?, ?, ?, ?, ?, ?, ?, ?)
2019-03-04 19:14:46.014  WARN 80525 --- [           main] o.h.engine.jdbc.spi.SqlExceptionHelper   : SQL Error: 1062, SQLState: 23000
2019-03-04 19:14:46.017 ERROR 80525 --- [           main] o.h.engine.jdbc.spi.SqlExceptionHelper   : Duplicate entry 'ztevoz@ztevoz.com' for key 'UK_6nit1ynrjkrd1hp1c73d60rn3'
]]></system-out>
  </testcase>
  <testcase name="delete" classname="capgemini.stage.Capgemini2ApplicationTests" time="0.155">
    <failure message="expected:&lt;4&gt; but was:&lt;0&gt;" type="java.lang.AssertionError"><![CDATA[java.lang.AssertionError: expected:<4> but was:<0>
	at capgemini.stage.Capgemini2ApplicationTests.delete(Capgemini2ApplicationTests.java:83)
]]></failure>
    <system-out><![CDATA[Hibernate: 
    select
        city0_.id as id1_1_0_,
        city0_.label as label2_1_0_ 
    from
        city city0_ 
    where
        city0_.id=?
Hibernate: 
    select
        organizati0_.id as id1_4_0_,
        organizati0_.label as label2_4_0_ 
    from
        organization organizati0_ 
    where
        organizati0_.id=?
Hibernate: 
    select
        role0_.id as id1_5_0_,
        role0_.creation_date as creation2_5_0_,
        role0_.label as label3_5_0_ 
    from
        role role0_ 
    where
        role0_.id=?
Hibernate: 
    insert 
    into
        employee
        (actif, creation_date, login, mail, password_hash, city_id, firstname, lastname, organization_id) 
    values
        (?, ?, ?, ?, ?, ?, ?, ?, ?)
Hibernate: 
    insert 
    into
        employee_role
        (employees_id, roles_id) 
    values
        (?, ?)
Hibernate: 
    select
        employee0_.id as id1_2_1_,
        employee0_.actif as actif2_2_1_,
        employee0_.creation_date as creation3_2_1_,
        employee0_.login as login4_2_1_,
        employee0_.mail as mail5_2_1_,
        employee0_.password_hash as password6_2_1_,
        employee0_.city_id as city_id9_2_1_,
        employee0_.firstname as firstnam7_2_1_,
        employee0_.lastname as lastname8_2_1_,
        employee0_.organization_id as organiz10_2_1_,
        roles1_.employees_id as employee1_3_3_,
        role2_.id as roles_id2_3_3_,
        role2_.id as id1_5_0_,
        role2_.creation_date as creation2_5_0_,
        role2_.label as label3_5_0_ 
    from
        employee employee0_ 
    left outer join
        employee_role roles1_ 
            on employee0_.id=roles1_.employees_id 
    left outer join
        role role2_ 
            on roles1_.roles_id=role2_.id 
    where
        employee0_.id=?
Hibernate: 
    select
        city0_.id as id1_1_0_,
        city0_.label as label2_1_0_ 
    from
        city city0_ 
    where
        city0_.id=?
Hibernate: 
    select
        organizati0_.id as id1_4_0_,
        organizati0_.label as label2_4_0_ 
    from
        organization organizati0_ 
    where
        organizati0_.id=?
Hibernate: 
    delete 
    from
        employee_role 
    where
        employees_id=?
Hibernate: 
    delete 
    from
        employee 
    where
        id=?
Hibernate: 
    select
        count(*) as col_0_0_ 
    from
        employee employee0_
]]></system-out>
  </testcase>
  <testcase name="update" classname="capgemini.stage.Capgemini2ApplicationTests" time="0.054">
    <error message="could not execute statement; SQL [n/a]; constraint [UK_6nit1ynrjkrd1hp1c73d60rn3]; nested exception is org.hibernate.exception.ConstraintViolationException: could not execute statement" type="org.springframework.dao.DataIntegrityViolationException">org.springframework.dao.DataIntegrityViolationException: could not execute statement; SQL [n/a]; constraint [UK_6nit1ynrjkrd1hp1c73d60rn3]; nested exception is org.hibernate.exception.ConstraintViolationException: could not execute statement
	at capgemini.stage.Capgemini2ApplicationTests.update(Capgemini2ApplicationTests.java:106)
Caused by: org.hibernate.exception.ConstraintViolationException: could not execute statement
	at capgemini.stage.Capgemini2ApplicationTests.update(Capgemini2ApplicationTests.java:106)
Caused by: java.sql.SQLIntegrityConstraintViolationException: Duplicate entry 'paul@paul' for key 'UK_6nit1ynrjkrd1hp1c73d60rn3'
	at capgemini.stage.Capgemini2ApplicationTests.update(Capgemini2ApplicationTests.java:106)
</error>
    <system-out><![CDATA[Hibernate: 
    select
        city0_.id as id1_1_0_,
        city0_.label as label2_1_0_ 
    from
        city city0_ 
    where
        city0_.id=?
Hibernate: 
    select
        organizati0_.id as id1_4_0_,
        organizati0_.label as label2_4_0_ 
    from
        organization organizati0_ 
    where
        organizati0_.id=?
Hibernate: 
    select
        role0_.id as id1_5_0_,
        role0_.creation_date as creation2_5_0_,
        role0_.label as label3_5_0_ 
    from
        role role0_ 
    where
        role0_.id=?
Hibernate: 
    insert 
    into
        employee
        (actif, creation_date, login, mail, password_hash, city_id, firstname, lastname, organization_id) 
    values
        (?, ?, ?, ?, ?, ?, ?, ?, ?)
2019-03-04 19:14:46.274  WARN 80525 --- [           main] o.h.engine.jdbc.spi.SqlExceptionHelper   : SQL Error: 1062, SQLState: 23000
2019-03-04 19:14:46.275 ERROR 80525 --- [           main] o.h.engine.jdbc.spi.SqlExceptionHelper   : Duplicate entry 'paul@paul' for key 'UK_6nit1ynrjkrd1hp1c73d60rn3'
]]></system-out>
  </testcase>
  <testcase name="findByMail" classname="capgemini.stage.Capgemini2ApplicationTests" time="0.044"/>
  <testcase name="role" classname="capgemini.stage.Capgemini2ApplicationTests" time="0.037">
    <error message="could not execute statement; SQL [n/a]; constraint [UK_6nit1ynrjkrd1hp1c73d60rn3]; nested exception is org.hibernate.exception.ConstraintViolationException: could not execute statement" type="org.springframework.dao.DataIntegrityViolationException">org.springframework.dao.DataIntegrityViolationException: could not execute statement; SQL [n/a]; constraint [UK_6nit1ynrjkrd1hp1c73d60rn3]; nested exception is org.hibernate.exception.ConstraintViolationException: could not execute statement
	at capgemini.stage.Capgemini2ApplicationTests.role(Capgemini2ApplicationTests.java:167)
Caused by: org.hibernate.exception.ConstraintViolationException: could not execute statement
	at capgemini.stage.Capgemini2ApplicationTests.role(Capgemini2ApplicationTests.java:167)
Caused by: java.sql.SQLIntegrityConstraintViolationException: Duplicate entry 'a' for key 'UK_6nit1ynrjkrd1hp1c73d60rn3'
	at capgemini.stage.Capgemini2ApplicationTests.role(Capgemini2ApplicationTests.java:167)
</error>
    <system-out><![CDATA[Hibernate: 
    select
        organizati0_.id as id1_4_0_,
        organizati0_.label as label2_4_0_ 
    from
        organization organizati0_ 
    where
        organizati0_.id=?
Hibernate: 
    select
        city0_.id as id1_1_0_,
        city0_.label as label2_1_0_ 
    from
        city city0_ 
    where
        city0_.id=?
Hibernate: 
    select
        role0_.id as id1_5_0_,
        role0_.creation_date as creation2_5_0_,
        role0_.label as label3_5_0_ 
    from
        role role0_ 
    where
        role0_.id=?
Hibernate: 
    insert 
    into
        employee
        (actif, creation_date, login, mail, password_hash, city_id, firstname, lastname, organization_id) 
    values
        (?, ?, ?, ?, ?, ?, ?, ?, ?)
2019-03-04 19:14:46.367  WARN 80525 --- [           main] o.h.engine.jdbc.spi.SqlExceptionHelper   : SQL Error: 1062, SQLState: 23000
2019-03-04 19:14:46.368 ERROR 80525 --- [           main] o.h.engine.jdbc.spi.SqlExceptionHelper   : Duplicate entry 'a' for key 'UK_6nit1ynrjkrd1hp1c73d60rn3'
]]></system-out>
  </testcase>
  <testcase name="token" classname="capgemini.stage.Capgemini2ApplicationTests" time="0.035">
    <error message="could not execute statement; SQL [n/a]; constraint [UK_6nit1ynrjkrd1hp1c73d60rn3]; nested exception is org.hibernate.exception.ConstraintViolationException: could not execute statement" type="org.springframework.dao.DataIntegrityViolationException">org.springframework.dao.DataIntegrityViolationException: could not execute statement; SQL [n/a]; constraint [UK_6nit1ynrjkrd1hp1c73d60rn3]; nested exception is org.hibernate.exception.ConstraintViolationException: could not execute statement
	at capgemini.stage.Capgemini2ApplicationTests.token(Capgemini2ApplicationTests.java:116)
Caused by: org.hibernate.exception.ConstraintViolationException: could not execute statement
	at capgemini.stage.Capgemini2ApplicationTests.token(Capgemini2ApplicationTests.java:116)
Caused by: java.sql.SQLIntegrityConstraintViolationException: Duplicate entry 'a' for key 'UK_6nit1ynrjkrd1hp1c73d60rn3'
	at capgemini.stage.Capgemini2ApplicationTests.token(Capgemini2ApplicationTests.java:116)
</error>
    <system-out><![CDATA[Hibernate: 
    select
        organizati0_.id as id1_4_0_,
        organizati0_.label as label2_4_0_ 
    from
        organization organizati0_ 
    where
        organizati0_.id=?
Hibernate: 
    select
        city0_.id as id1_1_0_,
        city0_.label as label2_1_0_ 
    from
        city city0_ 
    where
        city0_.id=?
Hibernate: 
    insert 
    into
        employee
        (actif, creation_date, login, mail, password_hash, city_id, firstname, lastname, organization_id) 
    values
        (?, ?, ?, ?, ?, ?, ?, ?, ?)
2019-03-04 19:14:46.398  WARN 80525 --- [           main] o.h.engine.jdbc.spi.SqlExceptionHelper   : SQL Error: 1062, SQLState: 23000
2019-03-04 19:14:46.400 ERROR 80525 --- [           main] o.h.engine.jdbc.spi.SqlExceptionHelper   : Duplicate entry 'a' for key 'UK_6nit1ynrjkrd1hp1c73d60rn3'
]]></system-out>
  </testcase>
  <testcase name="contextLoads" classname="capgemini.stage.Capgemini2ApplicationTests" time="0.055">
    <failure message="expected:&lt;6&gt; but was:&lt;1&gt;" type="java.lang.AssertionError"><![CDATA[java.lang.AssertionError: expected:<6> but was:<1>
	at capgemini.stage.Capgemini2ApplicationTests.contextLoads(Capgemini2ApplicationTests.java:70)
]]></failure>
    <system-out><![CDATA[Hibernate: 
    select
        city0_.id as id1_1_0_,
        city0_.label as label2_1_0_ 
    from
        city city0_ 
    where
        city0_.id=?
Hibernate: 
    select
        organizati0_.id as id1_4_0_,
        organizati0_.label as label2_4_0_ 
    from
        organization organizati0_ 
    where
        organizati0_.id=?
Hibernate: 
    select
        role0_.id as id1_5_0_,
        role0_.creation_date as creation2_5_0_,
        role0_.label as label3_5_0_ 
    from
        role role0_ 
    where
        role0_.id=?
Hibernate: 
    insert 
    into
        employee
        (actif, creation_date, login, mail, password_hash, city_id, firstname, lastname, organization_id) 
    values
        (?, ?, ?, ?, ?, ?, ?, ?, ?)
Hibernate: 
    insert 
    into
        employee_role
        (employees_id, roles_id) 
    values
        (?, ?)
Hibernate: 
    select
        count(*) as col_0_0_ 
    from
        employee employee0_
]]></system-out>
  </testcase>
</testsuite>